<?xml version="1.0" encoding="UTF-8"?>
<!-- Generated by org.testng.reporters.JUnitXMLReporter -->
<testsuite hostname="LAPTOP-0AOM9FTS" ignored="0" name="Command line test" tests="7" failures="0" timestamp="2022-09-12T08:21:49 EDT" time="164.977" errors="0">
  <testcase name="validateTitleHomePage" time="0.014" classname="clark.qa.testcases.HomePageTest"/>
  <testcase name="validateClarkLogoHomePage" time="0.098" classname="clark.qa.testcases.HomePageTest"/>
  <testcase name="validateUserIsAbleToClickOnDistributionTab" time="5.32" classname="clark.qa.testcases.HomePageTest"/>
  <testcase name="validateUserCanEnterCredentials" time="30.135" classname="clark.qa.testcases.LoginPageTest"/>
  <testcase name="validateUserCanEnterCredentials" time="21.86" classname="clark.qa.testcases.LoginPageTest"/>
  <testcase name="validateUserCanEnterCredentials" time="13.601" classname="clark.qa.testcases.LoginPageTest"/>
  <testcase name="getListOfAllItems" time="11.771" classname="clark.qa.testcases.WebStaurantHomePageTest"/>
</testsuite> <!-- Command line test -->
