<?xml version="1.0" encoding="UTF-8" ?>
<testsuite tests="7" failures="0" name="TestSuite" time="82.804" errors="0" skipped="0">
  <properties>
[...]
</properties>
  <testcase classname="clark.qa.testcases.HomePageTest" name="validateTitleHomePage" time="0.016"/>
  <testcase classname="clark.qa.testcases.HomePageTest" name="validateClarkLogoHomePage" time="0.098"/>
  <testcase classname="clark.qa.testcases.HomePageTest" name="validateUserIsAbleToClickOnDistributionTab" time="5.321"/>
  <testcase classname="clark.qa.testcases.LoginPageTest" name="validateUserCanEnterCredentials" time="30.135"/>
  <testcase classname="clark.qa.testcases.LoginPageTest" name="validateUserCanEnterCredentials" time="21.861"/>
  <testcase classname="clark.qa.testcases.LoginPageTest" name="validateUserCanEnterCredentials" time="13.602"/>
  <testcase classname="clark.qa.testcases.WebStaurantHomePageTest" name="getListOfAllItems" time="11.771"/>
</testsuite>